80
75
80
80
81
87
89
84
84
83
88
89
84
85
85
86
83
81
85
84
79
80
75
78
80
80
79
81
78
75
70
75
71
73
72
73
72
68
66
66
71
72
75
78
78
80
82
85
84
83
80
76
76
76
85
87
90
90
86
85
80
81
80
80
78
79
75
78
83
88
85
84
80
83
78
79
80
82
76
75
77
80
86
87
83
84
80
82
93
95
89
85
82
84
81
81
81
81
84
82
84
86
89
85
84
80
89
86
84
75
75
74
75
72
70
69
73
71
70
70
75
80
78
81
86
82
81
78
75
75
76
78
86
88
88
91
90
89
94
94
86
84
83
84
84
86
85
91
84
85
89
90
100
104
103
105
103
99
99
91
89
82
80
83
84
83
82
81
81
75
74
73
75
77
80
88
93
83
90
89
93
92
92
95
94
93
88
88
91
99
92
90
90
86
82
77
78
85
84
85
85
83
84
80
84
81
79
79
80
80
82
77
80
85
88
84
89
92
89
90
84
89
89
95
90
89
90
89
89
84
84
82
81
84
84
83
89
82
85
84
85
82
84
85
80
75
78
78
80
84
86
86
87
80
89
87
89
89
89
88
87
86
84
89
85
86
81
88
85
85
83
85
84
87
83
86
89
90
84
84
86
89
91
89
88
94
87
85
90
87
90
97
97
94
101
99
101
94
93
93
98
96
92
94
94
94
93
96
95
96
91
94
89
87
95
94
98
97
93
89
89
85
87
89
93
92
89
85
82
85
85
83
78
75
71
80
82
80
82
86
85
83
82
83
85
85
86
84
82
83
84
82
81
84
88
89
92
94
90
89
94
97
92
91
91
90
90
88
90
93
91
91
95
94
99
97
98
95
96
100
94
89
87
88
86
85
87
89
86
89
89
89
87
93
95
95
90
89
90
89
86
94
89
92
84
82
79
85
80
80
85
81
83
84
84
80
88
85
89
85
89
88
93
94
94
99
95
94
92
90
89
87
92
93
92
95
88
87
92
90
93
92
94
96
98
93
86
88
90
94
99
98
94
87
89
84
84
82
84
88
94
94
95
99
99
91
89
89
100
99
94
93
92
94
100
98
103
105
101
101
98
97
93
95
97
96
99
89
91
88
89
85
85
85
85
82
78
80
84
89
93
89
93
92
93
91
96
96
99
94
91
91
97
95
94
89
89
83
84
84
85
89
85
88
92
94
89
85
81
83
83
87
88
94
89
89
87
96
89
84
90
91
92
90
87
89
86
89
91
93
93
85
93
93
88
88
89
95
105
95
99
97
99
102
103
99
98
97
98
96
94
92
93
89
85
86
84
87
87
87
93
97
102
98
98
95
91
89
88
92
96
100
96
93
91
90
91
90
95
96
99
99
98
94
92
90
95
94
91
89
93
91
94
89
93
94
92
93
92
92
96
103
103
102
101
101
95
99
99
97
95
95
98
98
99
97
97
93
94
95
99
98
99
94
94
92
91
93
92
95
88
88
90
89
82
91
92
86
84
86
85
84
80
80
76
84
85
90
90
89
85
84
87
89
89
92
97
95
91
96
99
100
102
98
93
89
90
94
95
94
98
94
90
84
88
86
86
87
90
90
92
91
96
90
95
95
93
99
98
123
117
108
108
106
110
109
105
104
103
98
98
90
96
95
100
94
87
89
89
90
86
88
88
90
88
89
85
92
95
96
94
94
91
88
86
80
86
94
91
98
94
98
99
104
99
101
101
99
98
95
99
96
94
94
89
92
94
88
87
87
82
80
85
91
94
98
94
94
89
96
92
89
92
87
86
87
90
88
87
91
92
89
82
84
84
91
91
97
97
100
102
98
92
93
96
99
99
94
92
93
85
89
89
86
84
87
89
94
84
84
84
85
84
88
88
90
89
85
84
84
85
94
93
87
91
88
88
90
92
94
88
89
87
94
92
89
86
87
85
91
92
94
91
94
92
86
86
87
86
81
81
84
87
83
85
86
85
84
86
85
91
88
90
86
86
85
78
84
81
79
79
81
81
79
80
89
81
80
85
90
88
89
86
85
82
87
82
84
81
88
88
91
87
84
85
88
89
87
84
84
80
80
80
80
79
76
75
79
80
79
80
81
82
80
84
87
86
89
86
85
86
85
83
89
89
92
89
92
89
95
95
94
93
92
90
88
88
84
86
89
93
84
83
83
85
84
84
87
87
86
85
83
80
80
78
74
74
74
79
79
79
81
78
82
84
86
92
92
91
90
90
89
89
84
84
83
79
81
82
80
82
79
83
80
76
79
80
84
85
84
85
85
84
84
89
89
89
86
86
84
84
84
83
82
84
80
83
80
82
77
76
72
71
68
70
69
69
66
65
70
72
70
73
68
74
73
72
73
73
74
80
86
90
85
89
89
84
80
83
85
88
93
87
86
87
84
90
93
85
89
85
82
84
83
76
80
81
85
83
80
79
80
78
82
86
88
84
86
87
91
90
89
93
92
89
93
89
90
87
94
92
97
93
96
95
95
91
88
88
89
92
92
90
89
89
89
94
89
91
85
87
89
91
89
84
87
89
84
80
82
78
82
79
78
75
83
82
80
79
80
78
80
84
84
89
89
87
85
86
92
94
96
94
88
95
94
97
97
95
91
90
89
92
88
85
84
87
87
82
81
84
80
83
82
87
84
97
101
98
95
93
94
92
98
96
95
96
90
87
91
95
94
94
93
97
95
93
89
89
86
89
87
89
84
85
83
85
85
86
86
74
72
82
86
71
60
48
41
37
37
31
25
21
20
19
16
14
11
10
12
12
12
11
10
14
14
33
34
41
46
50
48
49
52
54
59
63
67
74
70
75
70
78
75
76
70
71
75
75
74
72
71
72
77
80
77
81
84
80
78
72
77
75
80
84
80
76
72
73
70
74
77
82
78
77
75
74
71
72
75
75
80
81
81
76
73
75
77
73
75
71
70
69
66
68
70
66
66
69
66
64
65
64
66
67
69
75
76
72
75
75
82
82
80
77
75
70
73
75
81
78
84
76
72
66
68
73
77
77
74
71
75
76
76
78
80
82
85
86
81
78
80
74
80
76
71
68
72
72
70
65
70
70
71
68
72
69
66
67
70
72
78
84
87
84
87
84
85
84
82
84
80
80
78
78
75
75
75
75
80
75
75
70
70
69
74
73
79
83
84
81
75
75
71
84
80
83
88
89
89
85
84
84
82
85
84
81
80
83
85
84
82
84
83
84
83
23
20
12
14
17
18
22
20
23
21
22
29
28
28
26
26
21
18
16
39
58
74
85
100